zadneprovski@DESKTOP-HEB15TQ:/mnt/c/WINDOWS/system32$ ab -n 1000 -c 10 http://127.0.0.1:8080/index.html
This is ApacheBench, Version 2.3 <$Revision: 1903618 $>
Copyright 1996 Adam Twiss, Zeus Technology Ltd, http://www.zeustech.net/
Licensed to The Apache Software Foundation, http://www.apache.org/

Benchmarking 127.0.0.1 (be patient)
Completed 100 requests
Completed 200 requests
Completed 300 requests
Completed 400 requests
Completed 500 requests
Completed 600 requests
Completed 700 requests
Completed 800 requests
Completed 900 requests
Completed 1000 requests
Finished 1000 requests


Server Software:
Server Hostname:        127.0.0.1
Server Port:            8080

Document Path:          /index.html
Document Length:        14 bytes

Concurrency Level:      10
Time taken for tests:   0.214 seconds
Complete requests:      1000
Failed requests:        0
Non-2xx responses:      1000
Total transferred:      40000 bytes
HTML transferred:       14000 bytes
Requests per second:    4680.03 [#/sec] (mean)
Time per request:       2.137 [ms] (mean)
Time per request:       0.214 [ms] (mean, across all concurrent requests)
Transfer rate:          182.81 [Kbytes/sec] received

Connection Times (ms)
              min  mean[+/-sd] median   max
Connect:        0    0   0.0      0       0
Processing:     1    1   0.5      1       6
Waiting:        1    1   0.4      1       5
Total:          1    1   0.5      1       6

Percentage of the requests served within a certain time (ms)
  50%      1
  66%      1
  75%      1
  80%      2
  90%      2
  95%      2
  98%      3
  99%      5
 100%      6 (longest request)